<?xml version="1.0" encoding="UTF-8"?>
<!-- Generated by org.testng.reporters.JUnitReportReporter -->
<testsuite hostname="LAPTOP-IBDPOR48" failures="0" tests="1" name="E2ETesting.TC_003_LaunchWebPage1" time="40.606" errors="0" timestamp="2024-12-07T15:50:39 IST" skipped="0">
  <testcase classname="E2ETesting.TC_003_LaunchWebPage1" name="LaunchSauceDemo" time="40.606"/>
  <system-out/>
</testsuite> <!-- E2ETesting.TC_003_LaunchWebPage1 -->
