<?xml version="1.0" encoding="UTF-8"?>
<!-- Generated by org.testng.reporters.JUnitReportReporter -->
<testsuite hostname="LAPTOP-IBDPOR48" failures="0" tests="1" name="E2ETesting.TC_005_DragDop" time="36.949" errors="0" timestamp="2024-12-18T12:27:03 IST" skipped="0">
  <testcase classname="E2ETesting.TC_005_DragDop" name="DragDrop" time="36.949"/>
  <system-out/>
</testsuite> <!-- E2ETesting.TC_005_DragDop -->
